<?xml version="1.0" encoding="UTF-8"?>
<!-- Generated by org.testng.reporters.JUnitReportReporter -->
<testsuite skipped="0" hostname="Bharath" name="com.qa.tests.LoginTest" tests="1" failures="0" timestamp="18 Aug 2018 04:47:29 GMT" time="0.034" errors="0">
  <testcase name="test" time="0.034" classname="com.qa.tests.LoginTest"/>
</testsuite> <!-- com.qa.tests.LoginTest -->
