<?xml version="1.0" encoding="UTF-8"?>
<!-- Generated by org.testng.reporters.JUnitReportReporter -->
<testsuite hostname="Bharath" failures="0" tests="1" name="com.qa.tests.LoginTest" time="0.015" errors="0" timestamp="19 Aug 2018 07:57:29 GMT" skipped="0">
  <testcase classname="com.qa.tests.LoginTest" name="test" time="0.015"/>
</testsuite> <!-- com.qa.tests.LoginTest -->
